08-Aug-2023 05:25:29.082 INFO [main] org.apache.catalina.core.ApplicationContext.log ContextListener: contextInitialized()
08-Aug-2023 05:25:29.083 INFO [main] org.apache.catalina.core.ApplicationContext.log SessionListener: contextInitialized()
08-Aug-2023 05:25:29.084 INFO [main] org.apache.catalina.core.ApplicationContext.log ContextListener: attributeAdded('StockTicker', 'async.Stockticker@4b3c354a')
08-Aug-2023 05:25:33.753 INFO [main] org.apache.catalina.core.ApplicationContext.log ContextListener: contextInitialized()
08-Aug-2023 05:25:33.755 INFO [main] org.apache.catalina.core.ApplicationContext.log SessionListener: contextInitialized()
08-Aug-2023 05:25:33.757 INFO [main] org.apache.catalina.core.ApplicationContext.log ContextListener: attributeAdded('StockTicker', 'async.Stockticker@5d018107')
08-Aug-2023 05:25:33.876 INFO [main] org.apache.catalina.core.ApplicationContext.log SessionListener: contextDestroyed()
08-Aug-2023 05:25:33.876 INFO [main] org.apache.catalina.core.ApplicationContext.log ContextListener: contextDestroyed()
08-Aug-2023 05:52:04.327 INFO [main] org.apache.catalina.core.ApplicationContext.log SessionListener: contextDestroyed()
08-Aug-2023 05:52:04.327 INFO [main] org.apache.catalina.core.ApplicationContext.log ContextListener: contextDestroyed()
08-Aug-2023 05:52:09.280 INFO [main] org.apache.catalina.core.ApplicationContext.log ContextListener: contextInitialized()
08-Aug-2023 05:52:09.283 INFO [main] org.apache.catalina.core.ApplicationContext.log SessionListener: contextInitialized()
08-Aug-2023 05:52:09.286 INFO [main] org.apache.catalina.core.ApplicationContext.log ContextListener: attributeAdded('StockTicker', 'async.Stockticker@7d3430a7')
08-Aug-2023 05:57:00.699 INFO [main] org.apache.catalina.core.ApplicationContext.log SessionListener: contextDestroyed()
08-Aug-2023 05:57:00.700 INFO [main] org.apache.catalina.core.ApplicationContext.log ContextListener: contextDestroyed()
08-Aug-2023 05:57:07.722 INFO [main] org.apache.catalina.core.ApplicationContext.log ContextListener: contextInitialized()
08-Aug-2023 05:57:07.724 INFO [main] org.apache.catalina.core.ApplicationContext.log SessionListener: contextInitialized()
08-Aug-2023 05:57:07.727 INFO [main] org.apache.catalina.core.ApplicationContext.log ContextListener: attributeAdded('StockTicker', 'async.Stockticker@470a696f')
08-Aug-2023 06:00:35.861 INFO [main] org.apache.catalina.core.ApplicationContext.log SessionListener: contextDestroyed()
08-Aug-2023 06:00:35.861 INFO [main] org.apache.catalina.core.ApplicationContext.log ContextListener: contextDestroyed()
08-Aug-2023 06:00:47.642 INFO [main] org.apache.catalina.core.ApplicationContext.log ContextListener: contextInitialized()
08-Aug-2023 06:00:47.642 INFO [main] org.apache.catalina.core.ApplicationContext.log SessionListener: contextInitialized()
08-Aug-2023 06:00:47.646 INFO [main] org.apache.catalina.core.ApplicationContext.log ContextListener: attributeAdded('StockTicker', 'async.Stockticker@665e9289')
08-Aug-2023 07:00:59.110 INFO [Catalina-utility-1] org.apache.catalina.core.ApplicationContext.log SessionListener: contextDestroyed()
08-Aug-2023 07:00:59.110 INFO [Catalina-utility-1] org.apache.catalina.core.ApplicationContext.log ContextListener: contextDestroyed()
